{
  "RSpec": {
    "coverage": {
      "/Users/student/projects/bookmark-manager/app.rb": {
        "lines": [
          null,
          null,
          1,
          1,
          null,
          null,
          1,
          1,
          3,
          null,
          null,
          1,
          2,
          2,
          null,
          null,
          1,
          1,
          1,
          null,
          null,
          1,
          2,
          null,
          null
        ]
      },
      "/Users/student/projects/bookmark-manager/lib/bookmark.rb": {
        "lines": [
          null,
          1,
          null,
          1,
          1,
          4,
          4,
          12,
          null,
          null,
          1,
          5,
          5,
          null,
          null,
          1,
          9,
          9,
          null,
          0,
          null,
          null,
          null
        ]
      },
      "/Users/student/projects/bookmark-manager/spec/bookmark_spec.rb": {
        "lines": [
          null,
          null,
          1,
          null,
          1,
          null,
          1,
          1,
          1,
          1,
          null,
          1,
          null,
          1,
          1,
          1,
          null,
          null,
          null,
          1,
          1,
          1,
          1,
          1,
          null,
          null,
          null
        ]
      },
      "/Users/student/projects/bookmark-manager/spec/features/add_bookmark_spec.rb": {
        "lines": [
          1,
          1,
          1,
          1,
          1,
          null,
          null,
          1,
          1,
          1,
          1,
          1,
          null,
          null
        ]
      },
      "/Users/student/projects/bookmark-manager/spec/features/view_bookmarks_spec.rb": {
        "lines": [
          null,
          null,
          1,
          1,
          1,
          1,
          null,
          null,
          1,
          1,
          1,
          1,
          null,
          1,
          1,
          1,
          1,
          1,
          null,
          null
        ]
      }
    },
    "timestamp": 1586276311
  }
}
